<?xml version="1.0" encoding="UTF-8"?>
<testng-results skipped="0" failed="0" total="1" passed="1">
  <reporter-output>
  </reporter-output>
  <suite name="Suite" duration-ms="6854" started-at="2016-07-31T10:38:28Z" finished-at="2016-07-31T10:38:35Z">
    <groups>
    </groups>
    <test name="Test" duration-ms="6854" started-at="2016-07-31T10:38:28Z" finished-at="2016-07-31T10:38:35Z">
      <class name="JenkinPackage.JenkinTest">
        <test-method status="PASS" signature="jenkinTestMethod()[pri:0, instance:JenkinPackage.JenkinTest@7bfcd12c]" name="jenkinTestMethod" duration-ms="6828" started-at="2016-07-31T16:08:28Z" finished-at="2016-07-31T16:08:35Z">
          <reporter-output>
          </reporter-output>
        </test-method> <!-- jenkinTestMethod -->
      </class> <!-- JenkinPackage.JenkinTest -->
    </test> <!-- Test -->
  </suite> <!-- Suite -->
</testng-results>
